<?xml version="1.0" encoding="UTF-8"?>
<coverage generated="1765058954004" clover="3.2.0">
  <project timestamp="1765058954004" name="All files">
    <metrics statements="98" coveredstatements="98" conditionals="80" coveredconditionals="78" methods="31" coveredmethods="31" elements="209" coveredelements="207" complexity="0" loc="98" ncloc="98" packages="4" files="6" classes="6"/>
    <package name="src">
      <metrics statements="45" coveredstatements="45" conditionals="41" coveredconditionals="39" methods="13" coveredmethods="13"/>
      <file name="App.tsx" path="/Users/tony/Documents/PAIR assesment/PAIR-assessment/src/App.tsx">
        <metrics statements="45" coveredstatements="45" conditionals="41" coveredconditionals="39" methods="13" coveredmethods="13"/>
        <line num="1" count="2" type="stmt"/>
        <line num="3" count="2" type="stmt"/>
        <line num="4" count="2" type="stmt"/>
        <line num="5" count="2" type="stmt"/>
        <line num="6" count="2" type="stmt"/>
        <line num="7" count="2" type="stmt"/>
        <line num="8" count="2" type="stmt"/>
        <line num="10" count="2" type="stmt"/>
        <line num="11" count="166" type="stmt"/>
        <line num="13" count="166" type="stmt"/>
        <line num="14" count="166" type="stmt"/>
        <line num="16" count="166" type="stmt"/>
        <line num="18" count="166" type="stmt"/>
        <line num="19" count="166" type="stmt"/>
        <line num="21" count="166" type="stmt"/>
        <line num="23" count="166" type="stmt"/>
        <line num="25" count="166" type="stmt"/>
        <line num="26" count="33" type="stmt"/>
        <line num="27" count="33" type="stmt"/>
        <line num="29" count="33" type="stmt"/>
        <line num="31" count="33" type="stmt"/>
        <line num="32" count="33" type="stmt"/>
        <line num="34" count="33" type="cond" truecount="1" falsecount="0"/>
        <line num="35" count="9" type="stmt"/>
        <line num="38" count="24" type="cond" truecount="1" falsecount="0"/>
        <line num="39" count="24" type="stmt"/>
        <line num="40" count="24" type="cond" truecount="1" falsecount="0"/>
        <line num="41" count="1" type="stmt"/>
        <line num="42" count="36" type="stmt"/>
        <line num="43" count="8" type="cond" truecount="1" falsecount="1"/>
        <line num="48" count="9" type="cond" truecount="1" falsecount="0"/>
        <line num="49" count="9" type="cond" truecount="1" falsecount="1"/>
        <line num="52" count="33" type="cond" truecount="1" falsecount="0"/>
        <line num="53" count="33" type="stmt"/>
        <line num="58" count="166" type="stmt"/>
        <line num="59" count="23" type="stmt"/>
        <line num="62" count="166" type="stmt"/>
        <line num="63" count="3" type="stmt"/>
        <line num="64" count="9" type="cond" truecount="2" falsecount="0"/>
        <line num="68" count="166" type="stmt"/>
        <line num="69" count="61" type="stmt"/>
        <line num="72" count="166" type="stmt"/>
        <line num="146" count="1" type="stmt"/>
        <line num="156" count="611" type="stmt"/>
        <line num="170" count="2" type="stmt"/>
      </file>
    </package>
    <package name="src.components">
      <metrics statements="22" coveredstatements="22" conditionals="32" coveredconditionals="32" methods="9" coveredmethods="9"/>
      <file name="Controls.tsx" path="/Users/tony/Documents/PAIR assesment/PAIR-assessment/src/components/Controls.tsx">
        <metrics statements="10" coveredstatements="10" conditionals="17" coveredconditionals="17" methods="5" coveredmethods="5"/>
        <line num="1" count="2" type="stmt"/>
        <line num="2" count="2" type="stmt"/>
        <line num="16" count="2" type="stmt"/>
        <line num="26" count="166" type="stmt"/>
        <line num="43" count="64" type="stmt"/>
        <line num="53" count="3" type="cond" truecount="2" falsecount="0"/>
        <line num="87" count="17" type="stmt"/>
        <line num="89" count="6" type="cond" truecount="3" falsecount="0"/>
        <line num="90" count="4" type="stmt"/>
        <line num="91" count="4" type="stmt"/>
      </file>
      <file name="SessionCard.tsx" path="/Users/tony/Documents/PAIR assesment/PAIR-assessment/src/components/SessionCard.tsx">
        <metrics statements="12" coveredstatements="12" conditionals="15" coveredconditionals="15" methods="4" coveredmethods="4"/>
        <line num="1" count="3" type="stmt"/>
        <line num="3" count="3" type="stmt"/>
        <line num="4" count="3" type="stmt"/>
        <line num="12" count="3" type="stmt"/>
        <line num="13" count="638" type="cond" truecount="1" falsecount="0"/>
        <line num="15" count="589" type="stmt"/>
        <line num="21" count="589" type="cond" truecount="2" falsecount="0"/>
        <line num="23" count="589" type="stmt"/>
        <line num="31" count="3" type="stmt"/>
        <line num="32" count="638" type="stmt"/>
        <line num="65" count="1130" type="stmt"/>
        <line num="82" count="6" type="stmt"/>
      </file>
    </package>
    <package name="src.hooks">
      <metrics statements="9" coveredstatements="9" conditionals="0" coveredconditionals="0" methods="4" coveredmethods="4"/>
      <file name="useDebounce.ts" path="/Users/tony/Documents/PAIR assesment/PAIR-assessment/src/hooks/useDebounce.ts">
        <metrics statements="9" coveredstatements="9" conditionals="0" coveredconditionals="0" methods="4" coveredmethods="4"/>
        <line num="1" count="2" type="stmt"/>
        <line num="3" count="2" type="stmt"/>
        <line num="4" count="166" type="stmt"/>
        <line num="6" count="166" type="stmt"/>
        <line num="7" count="88" type="stmt"/>
        <line num="8" count="32" type="stmt"/>
        <line num="11" count="88" type="stmt"/>
        <line num="12" count="88" type="stmt"/>
        <line num="16" count="166" type="stmt"/>
      </file>
    </package>
    <package name="src.utils">
      <metrics statements="22" coveredstatements="22" conditionals="7" coveredconditionals="7" methods="5" coveredmethods="5"/>
      <file name="filterSessions.ts" path="/Users/tony/Documents/PAIR assesment/PAIR-assessment/src/utils/filterSessions.ts">
        <metrics statements="13" coveredstatements="13" conditionals="4" coveredconditionals="4" methods="3" coveredmethods="3"/>
        <line num="10" count="3" type="stmt"/>
        <line num="16" count="69" type="stmt"/>
        <line num="19" count="69" type="stmt"/>
        <line num="20" count="69" type="cond" truecount="1" falsecount="0"/>
        <line num="21" count="11" type="stmt"/>
        <line num="22" count="11" type="stmt"/>
        <line num="23" count="38" type="stmt"/>
        <line num="28" count="69" type="stmt"/>
        <line num="30" count="305" type="stmt"/>
        <line num="31" count="305" type="cond" truecount="1" falsecount="0"/>
        <line num="32" count="301" type="cond" truecount="2" falsecount="0"/>
        <line num="35" count="4" type="stmt"/>
        <line num="38" count="69" type="stmt"/>
      </file>
      <file name="textHighlight.tsx" path="/Users/tony/Documents/PAIR assesment/PAIR-assessment/src/utils/textHighlight.tsx">
        <metrics statements="9" coveredstatements="9" conditionals="3" coveredconditionals="3" methods="2" coveredmethods="2"/>
        <line num="1" count="2" type="stmt"/>
        <line num="3" count="2" type="stmt"/>
        <line num="4" count="611" type="cond" truecount="1" falsecount="0"/>
        <line num="5" count="576" type="stmt"/>
        <line num="8" count="35" type="stmt"/>
        <line num="9" count="35" type="stmt"/>
        <line num="10" count="35" type="stmt"/>
        <line num="12" count="35" type="stmt"/>
        <line num="15" count="105" type="cond" truecount="2" falsecount="0"/>
      </file>
    </package>
  </project>
</coverage>
