<?xml version="1.0" encoding="UTF-8"?>
<coverage generated="1765041360512" clover="3.2.0">
  <project timestamp="1765041360512" name="All files">
    <metrics statements="95" coveredstatements="89" conditionals="73" coveredconditionals="65" methods="30" coveredmethods="28" elements="198" coveredelements="182" complexity="0" loc="95" ncloc="95" packages="4" files="6" classes="6"/>
    <package name="src">
      <metrics statements="45" coveredstatements="39" conditionals="43" coveredconditionals="35" methods="13" coveredmethods="11"/>
      <file name="App.tsx" path="/Users/tony/Documents/PAIR assesment/PAIR-assessment/src/App.tsx">
        <metrics statements="45" coveredstatements="39" conditionals="43" coveredconditionals="35" methods="13" coveredmethods="11"/>
        <line num="2" count="1" type="stmt"/>
        <line num="4" count="1" type="stmt"/>
        <line num="5" count="1" type="stmt"/>
        <line num="6" count="1" type="stmt"/>
        <line num="7" count="1" type="stmt"/>
        <line num="8" count="1" type="stmt"/>
        <line num="9" count="1" type="stmt"/>
        <line num="11" count="1" type="stmt"/>
        <line num="12" count="93" type="stmt"/>
        <line num="14" count="93" type="stmt"/>
        <line num="15" count="93" type="stmt"/>
        <line num="17" count="93" type="stmt"/>
        <line num="19" count="93" type="stmt"/>
        <line num="20" count="93" type="stmt"/>
        <line num="22" count="93" type="stmt"/>
        <line num="24" count="93" type="stmt"/>
        <line num="26" count="93" type="stmt"/>
        <line num="27" count="10" type="stmt"/>
        <line num="28" count="10" type="stmt"/>
        <line num="30" count="10" type="stmt"/>
        <line num="32" count="10" type="stmt"/>
        <line num="33" count="10" type="stmt"/>
        <line num="35" count="10" type="cond" truecount="0" falsecount="1"/>
        <line num="36" count="0" type="stmt"/>
        <line num="39" count="10" type="cond" truecount="1" falsecount="0"/>
        <line num="40" count="10" type="stmt"/>
        <line num="41" count="10" type="cond" truecount="1" falsecount="0"/>
        <line num="42" count="0" type="stmt"/>
        <line num="43" count="0" type="stmt"/>
        <line num="44" count="0" type="cond" truecount="0" falsecount="2"/>
        <line num="49" count="0" type="cond" truecount="0" falsecount="1"/>
        <line num="50" count="0" type="cond" truecount="0" falsecount="2"/>
        <line num="53" count="10" type="cond" truecount="1" falsecount="0"/>
        <line num="54" count="10" type="stmt"/>
        <line num="59" count="93" type="stmt"/>
        <line num="60" count="10" type="stmt"/>
        <line num="63" count="93" type="stmt"/>
        <line num="64" count="3" type="stmt"/>
        <line num="65" count="9" type="cond" truecount="2" falsecount="0"/>
        <line num="69" count="93" type="stmt"/>
        <line num="70" count="34" type="stmt"/>
        <line num="73" count="93" type="stmt"/>
        <line num="148" count="1" type="stmt"/>
        <line num="158" count="223" type="stmt"/>
        <line num="172" count="1" type="stmt"/>
      </file>
    </package>
    <package name="src.components">
      <metrics statements="19" coveredstatements="19" conditionals="23" coveredconditionals="23" methods="8" coveredmethods="8"/>
      <file name="Controls.tsx" path="/Users/tony/Documents/PAIR assesment/PAIR-assessment/src/components/Controls.tsx">
        <metrics statements="7" coveredstatements="7" conditionals="8" coveredconditionals="8" methods="4" coveredmethods="4"/>
        <line num="2" count="1" type="stmt"/>
        <line num="3" count="1" type="stmt"/>
        <line num="16" count="1" type="stmt"/>
        <line num="25" count="93" type="stmt"/>
        <line num="43" count="57" type="stmt"/>
        <line num="55" count="3" type="cond" truecount="2" falsecount="0"/>
        <line num="80" count="1" type="stmt"/>
      </file>
      <file name="SessionCard.tsx" path="/Users/tony/Documents/PAIR assesment/PAIR-assessment/src/components/SessionCard.tsx">
        <metrics statements="12" coveredstatements="12" conditionals="15" coveredconditionals="15" methods="4" coveredmethods="4"/>
        <line num="1" count="2" type="stmt"/>
        <line num="3" count="2" type="stmt"/>
        <line num="4" count="2" type="stmt"/>
        <line num="12" count="2" type="stmt"/>
        <line num="13" count="250" type="cond" truecount="1" falsecount="0"/>
        <line num="15" count="249" type="stmt"/>
        <line num="21" count="249" type="cond" truecount="2" falsecount="0"/>
        <line num="23" count="249" type="stmt"/>
        <line num="31" count="2" type="stmt"/>
        <line num="32" count="250" type="stmt"/>
        <line num="66" count="498" type="stmt"/>
        <line num="83" count="6" type="stmt"/>
      </file>
    </package>
    <package name="src.hooks">
      <metrics statements="9" coveredstatements="9" conditionals="0" coveredconditionals="0" methods="4" coveredmethods="4"/>
      <file name="useDebounce.ts" path="/Users/tony/Documents/PAIR assesment/PAIR-assessment/src/hooks/useDebounce.ts">
        <metrics statements="9" coveredstatements="9" conditionals="0" coveredconditionals="0" methods="4" coveredmethods="4"/>
        <line num="1" count="1" type="stmt"/>
        <line num="3" count="1" type="stmt"/>
        <line num="4" count="93" type="stmt"/>
        <line num="6" count="93" type="stmt"/>
        <line num="7" count="68" type="stmt"/>
        <line num="8" count="18" type="stmt"/>
        <line num="11" count="68" type="stmt"/>
        <line num="12" count="68" type="stmt"/>
        <line num="16" count="93" type="stmt"/>
      </file>
    </package>
    <package name="src.utils">
      <metrics statements="22" coveredstatements="22" conditionals="7" coveredconditionals="7" methods="5" coveredmethods="5"/>
      <file name="filterSessions.ts" path="/Users/tony/Documents/PAIR assesment/PAIR-assessment/src/utils/filterSessions.ts">
        <metrics statements="13" coveredstatements="13" conditionals="4" coveredconditionals="4" methods="3" coveredmethods="3"/>
        <line num="11" count="2" type="stmt"/>
        <line num="17" count="42" type="stmt"/>
        <line num="20" count="42" type="stmt"/>
        <line num="21" count="42" type="cond" truecount="1" falsecount="0"/>
        <line num="22" count="10" type="stmt"/>
        <line num="23" count="10" type="stmt"/>
        <line num="24" count="30" type="stmt"/>
        <line num="29" count="42" type="stmt"/>
        <line num="31" count="96" type="stmt"/>
        <line num="32" count="96" type="cond" truecount="1" falsecount="0"/>
        <line num="33" count="92" type="cond" truecount="2" falsecount="0"/>
        <line num="36" count="4" type="stmt"/>
        <line num="39" count="42" type="stmt"/>
      </file>
      <file name="textHighlight.tsx" path="/Users/tony/Documents/PAIR assesment/PAIR-assessment/src/utils/textHighlight.tsx">
        <metrics statements="9" coveredstatements="9" conditionals="3" coveredconditionals="3" methods="2" coveredmethods="2"/>
        <line num="1" count="1" type="stmt"/>
        <line num="3" count="1" type="stmt"/>
        <line num="4" count="223" type="cond" truecount="1" falsecount="0"/>
        <line num="5" count="192" type="stmt"/>
        <line num="8" count="31" type="stmt"/>
        <line num="9" count="31" type="stmt"/>
        <line num="10" count="31" type="stmt"/>
        <line num="12" count="31" type="stmt"/>
        <line num="15" count="93" type="cond" truecount="2" falsecount="0"/>
      </file>
    </package>
  </project>
</coverage>
