{"/Users/tony/Documents/PAIR assesment/PAIR-assessment/src/App.tsx": {"path":"/Users/tony/Documents/PAIR assesment/PAIR-assessment/src/App.tsx","statementMap":{"0":{"start":{"line":1,"column":0},"end":{"line":1,"column":81}},"1":{"start":{"line":3,"column":0},"end":{"line":3,"column":39}},"2":{"start":{"line":4,"column":0},"end":{"line":4,"column":55}},"3":{"start":{"line":5,"column":0},"end":{"line":5,"column":49}},"4":{"start":{"line":6,"column":0},"end":{"line":6,"column":50}},"5":{"start":{"line":7,"column":0},"end":{"line":7,"column":63}},"6":{"start":{"line":8,"column":0},"end":{"line":8,"column":63}},"7":{"start":{"line":10,"column":12},"end":{"line":168,"column":1}},"8":{"start":{"line":11,"column":34},"end":{"line":11,"column":57}},"9":{"start":{"line":13,"column":32},"end":{"line":13,"column":46}},"10":{"start":{"line":14,"column":28},"end":{"line":14,"column":57}},"11":{"start":{"line":16,"column":44},"end":{"line":16,"column":59}},"12":{"start":{"line":18,"column":28},"end":{"line":18,"column":40}},"13":{"start":{"line":19,"column":36},"end":{"line":19,"column":63}},"14":{"start":{"line":21,"column":25},"end":{"line":21,"column":48}},"15":{"start":{"line":23,"column":23},"end":{"line":23,"column":32}},"16":{"start":{"line":25,"column":24},"end":{"line":56,"column":21}},"17":{"start":{"line":26,"column":4},"end":{"line":26,"column":21}},"18":{"start":{"line":27,"column":4},"end":{"line":27,"column":19}},"19":{"start":{"line":29,"column":29},"end":{"line":29,"column":51}},"20":{"start":{"line":31,"column":4},"end":{"line":55,"column":5}},"21":{"start":{"line":32,"column":6},"end":{"line":32,"column":61}},"22":{"start":{"line":32,"column":35},"end":{"line":32,"column":59}},"23":{"start":{"line":34,"column":6},"end":{"line":36,"column":7}},"24":{"start":{"line":35,"column":8},"end":{"line":35,"column":78}},"25":{"start":{"line":38,"column":6},"end":{"line":46,"column":7}},"26":{"start":{"line":39,"column":8},"end":{"line":45,"column":11}},"27":{"start":{"line":40,"column":10},"end":{"line":40,"column":53}},"28":{"start":{"line":40,"column":33},"end":{"line":40,"column":53}},"29":{"start":{"line":41,"column":10},"end":{"line":44,"column":13}},"30":{"start":{"line":42,"column":31},"end":{"line":42,"column":60}},"31":{"start":{"line":42,"column":46},"end":{"line":42,"column":59}},"32":{"start":{"line":43,"column":14},"end":{"line":43,"column":76}},"33":{"start":{"line":48,"column":6},"end":{"line":50,"column":7}},"34":{"start":{"line":49,"column":8},"end":{"line":49,"column":65}},"35":{"start":{"line":52,"column":6},"end":{"line":54,"column":7}},"36":{"start":{"line":53,"column":8},"end":{"line":53,"column":26}},"37":{"start":{"line":58,"column":2},"end":{"line":60,"column":9}},"38":{"start":{"line":59,"column":4},"end":{"line":59,"column":20}},"39":{"start":{"line":62,"column":25},"end":{"line":66,"column":3}},"40":{"start":{"line":63,"column":4},"end":{"line":65,"column":7}},"41":{"start":{"line":63,"column":24},"end":{"line":64,"column":null}},"42":{"start":{"line":64,"column":6},"end":{"line":64,"column":81}},"43":{"start":{"line":68,"column":28},"end":{"line":70,"column":43}},"44":{"start":{"line":69,"column":4},"end":{"line":69,"column":70}},"45":{"start":{"line":72,"column":2},"end":{"line":167,"column":4}},"46":{"start":{"line":146,"column":31},"end":{"line":146,"column":43}},"47":{"start":{"line":156,"column":14},"end":{"line":157,"column":null}},"48":{"start":{"line":170,"column":0},"end":{"line":170,"column":19}}},"fnMap":{"0":{"name":"(anonymous_0)","decl":{"start":{"line":10,"column":12},"end":{"line":10,"column":15}},"loc":{"start":{"line":10,"column":17},"end":{"line":168,"column":1}}},"1":{"name":"(anonymous_1)","decl":{"start":{"line":25,"column":36},"end":{"line":25,"column":41}},"loc":{"start":{"line":25,"column":47},"end":{"line":56,"column":3}}},"2":{"name":"(anonymous_2)","decl":{"start":{"line":32,"column":24},"end":{"line":32,"column":31}},"loc":{"start":{"line":32,"column":35},"end":{"line":32,"column":59}}},"3":{"name":"(anonymous_3)","decl":{"start":{"line":39,"column":20},"end":{"line":39,"column":24}},"loc":{"start":{"line":39,"column":27},"end":{"line":45,"column":9}}},"4":{"name":"(anonymous_4)","decl":{"start":{"line":41,"column":34},"end":{"line":41,"column":35}},"loc":{"start":{"line":41,"column":38},"end":{"line":44,"column":11}}},"5":{"name":"(anonymous_5)","decl":{"start":{"line":42,"column":41},"end":{"line":42,"column":42}},"loc":{"start":{"line":42,"column":46},"end":{"line":42,"column":59}}},"6":{"name":"(anonymous_6)","decl":{"start":{"line":58,"column":12},"end":{"line":58,"column":15}},"loc":{"start":{"line":58,"column":17},"end":{"line":60,"column":3}}},"7":{"name":"(anonymous_7)","decl":{"start":{"line":62,"column":25},"end":{"line":62,"column":26}},"loc":{"start":{"line":62,"column":40},"end":{"line":66,"column":3}}},"8":{"name":"(anonymous_8)","decl":{"start":{"line":63,"column":16},"end":{"line":63,"column":20}},"loc":{"start":{"line":63,"column":24},"end":{"line":64,"column":null}}},"9":{"name":"(anonymous_9)","decl":{"start":{"line":63,"column":33},"end":{"line":63,"column":40}},"loc":{"start":{"line":64,"column":6},"end":{"line":64,"column":81}}},"10":{"name":"(anonymous_10)","decl":{"start":{"line":68,"column":36},"end":{"line":68,"column":39}},"loc":{"start":{"line":68,"column":41},"end":{"line":70,"column":3}}},"11":{"name":"(anonymous_11)","decl":{"start":{"line":146,"column":25},"end":{"line":146,"column":28}},"loc":{"start":{"line":146,"column":31},"end":{"line":146,"column":43}}},"12":{"name":"(anonymous_12)","decl":{"start":{"line":155,"column":35},"end":{"line":155,"column":42}},"loc":{"start":{"line":156,"column":14},"end":{"line":157,"column":null}}}},"branchMap":{"0":{"loc":{"start":{"line":34,"column":6},"end":{"line":36,"column":7}},"type":"if","locations":[{"start":{"line":34,"column":6},"end":{"line":36,"column":7}}]},"1":{"loc":{"start":{"line":38,"column":6},"end":{"line":46,"column":7}},"type":"if","locations":[{"start":{"line":38,"column":6},"end":{"line":46,"column":7}}]},"2":{"loc":{"start":{"line":40,"column":10},"end":{"line":40,"column":53}},"type":"if","locations":[{"start":{"line":40,"column":10},"end":{"line":40,"column":53}}]},"3":{"loc":{"start":{"line":43,"column":21},"end":{"line":43,"column":75}},"type":"cond-expr","locations":[{"start":{"line":43,"column":32},"end":{"line":43,"column":71}},{"start":{"line":43,"column":74},"end":{"line":43,"column":75}}]},"4":{"loc":{"start":{"line":48,"column":6},"end":{"line":50,"column":7}},"type":"if","locations":[{"start":{"line":48,"column":6},"end":{"line":50,"column":7}}]},"5":{"loc":{"start":{"line":49,"column":17},"end":{"line":49,"column":63}},"type":"binary-expr","locations":[{"start":{"line":49,"column":17},"end":{"line":49,"column":28}},{"start":{"line":49,"column":32},"end":{"line":49,"column":63}}]},"6":{"loc":{"start":{"line":52,"column":6},"end":{"line":54,"column":7}},"type":"if","locations":[{"start":{"line":52,"column":6},"end":{"line":54,"column":7}}]},"7":{"loc":{"start":{"line":64,"column":6},"end":{"line":64,"column":81}},"type":"cond-expr","locations":[{"start":{"line":64,"column":26},"end":{"line":64,"column":71}},{"start":{"line":64,"column":74},"end":{"line":64,"column":81}}]},"8":{"loc":{"start":{"line":100,"column":9},"end":{"line":104,"column":null}},"type":"binary-expr","locations":[{"start":{"line":100,"column":9},"end":{"line":100,"column":17}},{"start":{"line":100,"column":21},"end":{"line":100,"column":27}},{"start":{"line":100,"column":31},"end":{"line":100,"column":59}},{"start":{"line":101,"column":10},"end":{"line":103,"column":null}}]},"9":{"loc":{"start":{"line":102,"column":53},"end":{"line":102,"column":94}},"type":"cond-expr","locations":[{"start":{"line":102,"column":86},"end":{"line":102,"column":89}},{"start":{"line":102,"column":92},"end":{"line":102,"column":94}}]},"10":{"loc":{"start":{"line":103,"column":13},"end":{"line":103,"column":39}},"type":"binary-expr","locations":[{"start":{"line":103,"column":13},"end":{"line":103,"column":18}},{"start":{"line":103,"column":22},"end":{"line":103,"column":39}}]},"11":{"loc":{"start":{"line":113,"column":3},"end":{"line":113,"column":39}},"type":"cond-expr","locations":[{"start":{"line":113,"column":13},"end":{"line":113,"column":34}},{"start":{"line":113,"column":37},"end":{"line":113,"column":39}}]},"12":{"loc":{"start":{"line":114,"column":3},"end":{"line":114,"column":33}},"type":"cond-expr","locations":[{"start":{"line":114,"column":11},"end":{"line":114,"column":28}},{"start":{"line":114,"column":31},"end":{"line":114,"column":33}}]},"13":{"loc":{"start":{"line":115,"column":3},"end":{"line":115,"column":150}},"type":"cond-expr","locations":[{"start":{"line":115,"column":24},"end":{"line":115,"column":145}},{"start":{"line":115,"column":148},"end":{"line":115,"column":150}}]},"14":{"loc":{"start":{"line":115,"column":3},"end":{"line":115,"column":21}},"type":"binary-expr","locations":[{"start":{"line":115,"column":3},"end":{"line":115,"column":11}},{"start":{"line":115,"column":15},"end":{"line":115,"column":21}}]},"15":{"loc":{"start":{"line":115,"column":93},"end":{"line":115,"column":142}},"type":"cond-expr","locations":[{"start":{"line":115,"column":116},"end":{"line":115,"column":128}},{"start":{"line":115,"column":131},"end":{"line":115,"column":142}}]},"16":{"loc":{"start":{"line":118,"column":9},"end":{"line":163,"column":null}},"type":"cond-expr","locations":[{"start":{"line":119,"column":10},"end":{"line":121,"column":null}},{"start":{"line":123,"column":12},"end":{"line":163,"column":null}}]},"17":{"loc":{"start":{"line":118,"column":9},"end":{"line":118,"column":41}},"type":"binary-expr","locations":[{"start":{"line":118,"column":9},"end":{"line":118,"column":16}},{"start":{"line":118,"column":20},"end":{"line":118,"column":41}}]},"18":{"loc":{"start":{"line":123,"column":12},"end":{"line":163,"column":null}},"type":"cond-expr","locations":[{"start":{"line":124,"column":10},"end":{"line":137,"column":null}},{"start":{"line":139,"column":12},"end":{"line":163,"column":null}}]},"19":{"loc":{"start":{"line":139,"column":12},"end":{"line":163,"column":null}},"type":"cond-expr","locations":[{"start":{"line":140,"column":10},"end":{"line":151,"column":null}},{"start":{"line":154,"column":10},"end":{"line":162,"column":null}}]},"20":{"loc":{"start":{"line":142,"column":32},"end":{"line":142,"column":67}},"type":"cond-expr","locations":[{"start":{"line":142,"column":40},"end":{"line":142,"column":62}},{"start":{"line":142,"column":65},"end":{"line":142,"column":67}}]},"21":{"loc":{"start":{"line":144,"column":13},"end":{"line":150,"column":null}},"type":"binary-expr","locations":[{"start":{"line":144,"column":13},"end":{"line":144,"column":18}},{"start":{"line":145,"column":14},"end":{"line":147,"column":null}}]}},"s":{"0":2,"1":2,"2":2,"3":2,"4":2,"5":2,"6":2,"7":2,"8":166,"9":166,"10":166,"11":166,"12":166,"13":166,"14":166,"15":166,"16":166,"17":33,"18":33,"19":33,"20":33,"21":33,"22":33,"23":33,"24":9,"25":24,"26":24,"27":24,"28":23,"29":1,"30":8,"31":36,"32":8,"33":9,"34":9,"35":33,"36":33,"37":166,"38":23,"39":166,"40":3,"41":3,"42":9,"43":166,"44":61,"45":166,"46":1,"47":611,"48":2},"f":{"0":166,"1":33,"2":33,"3":24,"4":8,"5":36,"6":23,"7":3,"8":3,"9":9,"10":61,"11":1,"12":611},"b":{"0":[9],"1":[24],"2":[23],"3":[8,0],"4":[9],"5":[9,0],"6":[33],"7":[3,6],"8":[166,133,123,121],"9":[118,3],"10":[121,67],"11":[33,133],"12":[10,156],"13":[123,43],"14":[166,133],"15":[121,2],"16":[23,143],"17":[166,33],"18":[10,133],"19":[2,131],"20":[1,1],"21":[2,1]}}
,"/Users/tony/Documents/PAIR assesment/PAIR-assessment/src/components/Controls.tsx": {"path":"/Users/tony/Documents/PAIR assesment/PAIR-assessment/src/components/Controls.tsx","statementMap":{"0":{"start":{"line":1,"column":0},"end":{"line":1,"column":26}},"1":{"start":{"line":2,"column":0},"end":{"line":2,"column":62}},"2":{"start":{"line":16,"column":49},"end":{"line":115,"column":1}},"3":{"start":{"line":26,"column":2},"end":{"line":114,"column":4}},"4":{"start":{"line":43,"column":29},"end":{"line":43,"column":53}},"5":{"start":{"line":53,"column":29},"end":{"line":53,"column":80}},"6":{"start":{"line":87,"column":19},"end":{"line":87,"column":51}},"7":{"start":{"line":89,"column":6},"end":{"line":92,"column":7}},"8":{"start":{"line":90,"column":8},"end":{"line":90,"column":27}},"9":{"start":{"line":91,"column":8},"end":{"line":91,"column":41}},"10":{"start":{"line":16,"column":13},"end":{"line":16,"column":49}}},"fnMap":{"0":{"name":"(anonymous_0)","decl":{"start":{"line":16,"column":49},"end":{"line":16,"column":50}},"loc":{"start":{"line":25,"column":5},"end":{"line":115,"column":1}}},"1":{"name":"(anonymous_1)","decl":{"start":{"line":43,"column":22},"end":{"line":43,"column":23}},"loc":{"start":{"line":43,"column":29},"end":{"line":43,"column":53}}},"2":{"name":"(anonymous_2)","decl":{"start":{"line":53,"column":23},"end":{"line":53,"column":26}},"loc":{"start":{"line":53,"column":29},"end":{"line":53,"column":80}}},"3":{"name":"(anonymous_3)","decl":{"start":{"line":87,"column":13},"end":{"line":87,"column":16}},"loc":{"start":{"line":87,"column":19},"end":{"line":87,"column":51}}},"4":{"name":"(anonymous_4)","decl":{"start":{"line":88,"column":15},"end":{"line":88,"column":16}},"loc":{"start":{"line":88,"column":21},"end":{"line":93,"column":5}}}},"branchMap":{"0":{"loc":{"start":{"line":53,"column":42},"end":{"line":53,"column":79}},"type":"cond-expr","locations":[{"start":{"line":53,"column":65},"end":{"line":53,"column":70}},{"start":{"line":53,"column":73},"end":{"line":53,"column":79}}]},"1":{"loc":{"start":{"line":57,"column":48},"end":{"line":57,"column":97}},"type":"cond-expr","locations":[{"start":{"line":57,"column":71},"end":{"line":57,"column":83}},{"start":{"line":57,"column":86},"end":{"line":57,"column":97}}]},"2":{"loc":{"start":{"line":60,"column":70},"end":{"line":60,"column":109}},"type":"cond-expr","locations":[{"start":{"line":60,"column":92},"end":{"line":60,"column":104}},{"start":{"line":60,"column":107},"end":{"line":60,"column":109}}]},"3":{"loc":{"start":{"line":78,"column":35},"end":{"line":78,"column":64}},"type":"cond-expr","locations":[{"start":{"line":78,"column":45},"end":{"line":78,"column":59}},{"start":{"line":78,"column":62},"end":{"line":78,"column":64}}]},"4":{"loc":{"start":{"line":89,"column":6},"end":{"line":92,"column":7}},"type":"if","locations":[{"start":{"line":89,"column":6},"end":{"line":92,"column":7}}]},"5":{"loc":{"start":{"line":89,"column":10},"end":{"line":89,"column":44}},"type":"binary-expr","locations":[{"start":{"line":89,"column":10},"end":{"line":89,"column":23}},{"start":{"line":89,"column":27},"end":{"line":89,"column":44}}]},"6":{"loc":{"start":{"line":99,"column":29},"end":{"line":99,"column":73}},"type":"cond-expr","locations":[{"start":{"line":99,"column":45},"end":{"line":99,"column":57}},{"start":{"line":99,"column":60},"end":{"line":99,"column":73}}]},"7":{"loc":{"start":{"line":103,"column":126},"end":{"line":103,"column":162}},"type":"cond-expr","locations":[{"start":{"line":103,"column":142},"end":{"line":103,"column":157}},{"start":{"line":103,"column":160},"end":{"line":103,"column":162}}]},"8":{"loc":{"start":{"line":106,"column":67},"end":{"line":106,"column":115}},"type":"cond-expr","locations":[{"start":{"line":106,"column":83},"end":{"line":106,"column":97}},{"start":{"line":106,"column":100},"end":{"line":106,"column":115}}]}},"s":{"0":2,"1":2,"2":2,"3":166,"4":64,"5":3,"6":17,"7":6,"8":4,"9":4,"10":2},"f":{"0":166,"1":64,"2":3,"3":17,"4":6},"b":{"0":[2,1],"1":[164,2],"2":[2,164],"3":[33,133],"4":[4],"5":[6,2],"6":[42,124],"7":[42,124],"8":[42,124]}}
,"/Users/tony/Documents/PAIR assesment/PAIR-assessment/src/components/SessionCard.tsx": {"path":"/Users/tony/Documents/PAIR assesment/PAIR-assessment/src/components/SessionCard.tsx","statementMap":{"0":{"start":{"line":1,"column":0},"end":{"line":1,"column":26}},"1":{"start":{"line":3,"column":0},"end":{"line":3,"column":55}},"2":{"start":{"line":4,"column":0},"end":{"line":4,"column":81}},"3":{"start":{"line":12,"column":24},"end":{"line":29,"column":1}},"4":{"start":{"line":13,"column":2},"end":{"line":13,"column":127}},"5":{"start":{"line":13,"column":14},"end":{"line":13,"column":127}},"6":{"start":{"line":15,"column":17},"end":{"line":19,"column":4}},"7":{"start":{"line":21,"column":21},"end":{"line":21,"column":104}},"8":{"start":{"line":23,"column":2},"end":{"line":28,"column":4}},"9":{"start":{"line":31,"column":55},"end":{"line":110,"column":1}},"10":{"start":{"line":32,"column":2},"end":{"line":109,"column":4}},"11":{"start":{"line":65,"column":6},"end":{"line":66,"column":null}},"12":{"start":{"line":82,"column":17},"end":{"line":82,"column":45}},"13":{"start":{"line":31,"column":13},"end":{"line":31,"column":55}}},"fnMap":{"0":{"name":"(anonymous_0)","decl":{"start":{"line":12,"column":24},"end":{"line":12,"column":25}},"loc":{"start":{"line":12,"column":64},"end":{"line":29,"column":1}}},"1":{"name":"(anonymous_1)","decl":{"start":{"line":31,"column":55},"end":{"line":31,"column":56}},"loc":{"start":{"line":31,"column":105},"end":{"line":110,"column":1}}},"2":{"name":"(anonymous_2)","decl":{"start":{"line":64,"column":21},"end":{"line":64,"column":24}},"loc":{"start":{"line":65,"column":6},"end":{"line":66,"column":null}}},"3":{"name":"(anonymous_3)","decl":{"start":{"line":82,"column":11},"end":{"line":82,"column":14}},"loc":{"start":{"line":82,"column":17},"end":{"line":82,"column":45}}}},"branchMap":{"0":{"loc":{"start":{"line":13,"column":2},"end":{"line":13,"column":127}},"type":"if","locations":[{"start":{"line":13,"column":2},"end":{"line":13,"column":127}}]},"1":{"loc":{"start":{"line":21,"column":21},"end":{"line":21,"column":104}},"type":"binary-expr","locations":[{"start":{"line":21,"column":21},"end":{"line":21,"column":57}},{"start":{"line":21,"column":61},"end":{"line":21,"column":104}}]},"2":{"loc":{"start":{"line":34,"column":156},"end":{"line":34,"column":204}},"type":"cond-expr","locations":[{"start":{"line":34,"column":176},"end":{"line":34,"column":199}},{"start":{"line":34,"column":202},"end":{"line":34,"column":204}}]},"3":{"loc":{"start":{"line":63,"column":3},"end":{"line":74,"column":null}},"type":"cond-expr","locations":[{"start":{"line":64,"column":4},"end":{"line":72,"column":6}},{"start":{"line":74,"column":4},"end":{"line":74,"column":40}}]},"4":{"loc":{"start":{"line":84,"column":6},"end":{"line":86,"column":null}},"type":"cond-expr","locations":[{"start":{"line":85,"column":8},"end":{"line":85,"column":55}},{"start":{"line":86,"column":8},"end":{"line":86,"column":null}}]},"5":{"loc":{"start":{"line":89,"column":44},"end":{"line":89,"column":89}},"type":"cond-expr","locations":[{"start":{"line":89,"column":64},"end":{"line":89,"column":76}},{"start":{"line":89,"column":79},"end":{"line":89,"column":89}}]},"6":{"loc":{"start":{"line":91,"column":5},"end":{"line":100,"column":null}},"type":"cond-expr","locations":[{"start":{"line":92,"column":8},"end":{"line":94,"column":null}},{"start":{"line":97,"column":8},"end":{"line":99,"column":null}}]},"7":{"loc":{"start":{"line":104,"column":9},"end":{"line":105,"column":null}},"type":"binary-expr","locations":[{"start":{"line":104,"column":9},"end":{"line":104,"column":26}},{"start":{"line":105,"column":12},"end":{"line":105,"column":79}}]}},"s":{"0":3,"1":3,"2":3,"3":3,"4":638,"5":49,"6":589,"7":589,"8":589,"9":3,"10":638,"11":1130,"12":6,"13":3},"f":{"0":638,"1":638,"2":1130,"3":6},"b":{"0":[49],"1":[589,1],"2":[193,445],"3":[589,49],"4":[193,445],"5":[193,445],"6":[193,445],"7":[638,193]}}
,"/Users/tony/Documents/PAIR assesment/PAIR-assessment/src/hooks/useDebounce.ts": {"path":"/Users/tony/Documents/PAIR assesment/PAIR-assessment/src/hooks/useDebounce.ts","statementMap":{"0":{"start":{"line":3,"column":0},"end":{"line":3,"column":16}},"1":{"start":{"line":1,"column":0},"end":{"line":1,"column":44}},"2":{"start":{"line":4,"column":46},"end":{"line":4,"column":64}},"3":{"start":{"line":6,"column":2},"end":{"line":14,"column":21}},"4":{"start":{"line":7,"column":20},"end":{"line":9,"column":13}},"5":{"start":{"line":8,"column":6},"end":{"line":8,"column":31}},"6":{"start":{"line":11,"column":4},"end":{"line":13,"column":6}},"7":{"start":{"line":12,"column":6},"end":{"line":12,"column":28}},"8":{"start":{"line":16,"column":2},"end":{"line":16,"column":24}}},"fnMap":{"0":{"name":"useDebounce","decl":{"start":{"line":3,"column":16},"end":{"line":3,"column":27}},"loc":{"start":{"line":3,"column":54},"end":{"line":17,"column":1}}},"1":{"name":"(anonymous_1)","decl":{"start":{"line":6,"column":12},"end":{"line":6,"column":15}},"loc":{"start":{"line":6,"column":17},"end":{"line":14,"column":3}}},"2":{"name":"(anonymous_2)","decl":{"start":{"line":7,"column":31},"end":{"line":7,"column":34}},"loc":{"start":{"line":7,"column":36},"end":{"line":9,"column":5}}},"3":{"name":"(anonymous_3)","decl":{"start":{"line":11,"column":11},"end":{"line":11,"column":14}},"loc":{"start":{"line":11,"column":16},"end":{"line":13,"column":5}}}},"branchMap":{},"s":{"0":2,"1":2,"2":166,"3":166,"4":88,"5":32,"6":88,"7":88,"8":166},"f":{"0":166,"1":88,"2":32,"3":88},"b":{}}
,"/Users/tony/Documents/PAIR assesment/PAIR-assessment/src/utils/filterSessions.ts": {"path":"/Users/tony/Documents/PAIR assesment/PAIR-assessment/src/utils/filterSessions.ts","statementMap":{"0":{"start":{"line":10,"column":37},"end":{"line":39,"column":1}},"1":{"start":{"line":16,"column":15},"end":{"line":16,"column":28}},"2":{"start":{"line":19,"column":23},"end":{"line":19,"column":35}},"3":{"start":{"line":20,"column":2},"end":{"line":25,"column":3}},"4":{"start":{"line":21,"column":23},"end":{"line":21,"column":49}},"5":{"start":{"line":22,"column":4},"end":{"line":24,"column":6}},"6":{"start":{"line":23,"column":6},"end":{"line":23,"column":54}},"7":{"start":{"line":28,"column":2},"end":{"line":36,"column":5}},"8":{"start":{"line":30,"column":27},"end":{"line":30,"column":54}},"9":{"start":{"line":31,"column":4},"end":{"line":33,"column":5}},"10":{"start":{"line":32,"column":6},"end":{"line":32,"column":68}},"11":{"start":{"line":35,"column":4},"end":{"line":35,"column":36}},"12":{"start":{"line":38,"column":2},"end":{"line":38,"column":16}},"13":{"start":{"line":10,"column":13},"end":{"line":10,"column":37}}},"fnMap":{"0":{"name":"(anonymous_0)","decl":{"start":{"line":10,"column":37},"end":{"line":10,"column":null}},"loc":{"start":{"line":14,"column":15},"end":{"line":39,"column":1}}},"1":{"name":"(anonymous_1)","decl":{"start":{"line":22,"column":27},"end":{"line":22,"column":34}},"loc":{"start":{"line":23,"column":6},"end":{"line":23,"column":54}}},"2":{"name":"(anonymous_2)","decl":{"start":{"line":28,"column":14},"end":{"line":28,"column":15}},"loc":{"start":{"line":28,"column":23},"end":{"line":36,"column":3}}}},"branchMap":{"0":{"loc":{"start":{"line":20,"column":2},"end":{"line":25,"column":3}},"type":"if","locations":[{"start":{"line":20,"column":2},"end":{"line":25,"column":3}}]},"1":{"loc":{"start":{"line":31,"column":4},"end":{"line":33,"column":5}},"type":"if","locations":[{"start":{"line":31,"column":4},"end":{"line":33,"column":5}}]},"2":{"loc":{"start":{"line":32,"column":13},"end":{"line":32,"column":67}},"type":"cond-expr","locations":[{"start":{"line":32,"column":35},"end":{"line":32,"column":49}},{"start":{"line":32,"column":52},"end":{"line":32,"column":67}}]}},"s":{"0":3,"1":69,"2":69,"3":69,"4":11,"5":11,"6":38,"7":69,"8":305,"9":305,"10":301,"11":4,"12":69,"13":3},"f":{"0":69,"1":38,"2":305},"b":{"0":[11],"1":[301],"2":[11,290]}}
,"/Users/tony/Documents/PAIR assesment/PAIR-assessment/src/utils/textHighlight.tsx": {"path":"/Users/tony/Documents/PAIR assesment/PAIR-assessment/src/utils/textHighlight.tsx","statementMap":{"0":{"start":{"line":1,"column":0},"end":{"line":1,"column":26}},"1":{"start":{"line":3,"column":29},"end":{"line":25,"column":1}},"2":{"start":{"line":4,"column":2},"end":{"line":6,"column":3}},"3":{"start":{"line":5,"column":4},"end":{"line":5,"column":23}},"4":{"start":{"line":8,"column":27},"end":{"line":8,"column":75}},"5":{"start":{"line":9,"column":16},"end":{"line":9,"column":57}},"6":{"start":{"line":10,"column":16},"end":{"line":10,"column":33}},"7":{"start":{"line":12,"column":2},"end":{"line":24,"column":4}},"8":{"start":{"line":15,"column":8},"end":{"line":20,"column":null}},"9":{"start":{"line":3,"column":13},"end":{"line":3,"column":29}}},"fnMap":{"0":{"name":"(anonymous_0)","decl":{"start":{"line":3,"column":29},"end":{"line":3,"column":30}},"loc":{"start":{"line":3,"column":90},"end":{"line":25,"column":1}}},"1":{"name":"(anonymous_1)","decl":{"start":{"line":14,"column":17},"end":{"line":14,"column":18}},"loc":{"start":{"line":15,"column":8},"end":{"line":20,"column":null}}}},"branchMap":{"0":{"loc":{"start":{"line":4,"column":2},"end":{"line":6,"column":3}},"type":"if","locations":[{"start":{"line":4,"column":2},"end":{"line":6,"column":3}}]},"1":{"loc":{"start":{"line":15,"column":8},"end":{"line":20,"column":null}},"type":"cond-expr","locations":[{"start":{"line":16,"column":10},"end":{"line":16,"column":24}},{"start":{"line":20,"column":10},"end":{"line":20,"column":25}}]}},"s":{"0":2,"1":2,"2":611,"3":576,"4":35,"5":35,"6":35,"7":35,"8":105,"9":2},"f":{"0":611,"1":105},"b":{"0":[576],"1":[35,70]}}
}
