{"/Users/tony/Documents/PAIR assesment/PAIR-assessment/src/App.tsx": {"path":"/Users/tony/Documents/PAIR assesment/PAIR-assessment/src/App.tsx","statementMap":{"0":{"start":{"line":2,"column":0},"end":{"line":2,"column":81}},"1":{"start":{"line":4,"column":0},"end":{"line":4,"column":39}},"2":{"start":{"line":5,"column":0},"end":{"line":5,"column":55}},"3":{"start":{"line":6,"column":0},"end":{"line":6,"column":49}},"4":{"start":{"line":7,"column":0},"end":{"line":7,"column":50}},"5":{"start":{"line":8,"column":0},"end":{"line":8,"column":63}},"6":{"start":{"line":9,"column":0},"end":{"line":9,"column":73}},"7":{"start":{"line":11,"column":12},"end":{"line":170,"column":1}},"8":{"start":{"line":12,"column":34},"end":{"line":12,"column":57}},"9":{"start":{"line":14,"column":32},"end":{"line":14,"column":46}},"10":{"start":{"line":15,"column":28},"end":{"line":15,"column":57}},"11":{"start":{"line":17,"column":44},"end":{"line":17,"column":59}},"12":{"start":{"line":19,"column":28},"end":{"line":19,"column":40}},"13":{"start":{"line":20,"column":36},"end":{"line":20,"column":63}},"14":{"start":{"line":22,"column":25},"end":{"line":22,"column":48}},"15":{"start":{"line":24,"column":23},"end":{"line":24,"column":32}},"16":{"start":{"line":26,"column":24},"end":{"line":57,"column":21}},"17":{"start":{"line":27,"column":4},"end":{"line":27,"column":21}},"18":{"start":{"line":28,"column":4},"end":{"line":28,"column":19}},"19":{"start":{"line":30,"column":29},"end":{"line":30,"column":51}},"20":{"start":{"line":32,"column":4},"end":{"line":56,"column":5}},"21":{"start":{"line":33,"column":6},"end":{"line":33,"column":61}},"22":{"start":{"line":33,"column":35},"end":{"line":33,"column":59}},"23":{"start":{"line":35,"column":6},"end":{"line":37,"column":7}},"24":{"start":{"line":36,"column":8},"end":{"line":36,"column":78}},"25":{"start":{"line":39,"column":6},"end":{"line":47,"column":7}},"26":{"start":{"line":40,"column":8},"end":{"line":46,"column":11}},"27":{"start":{"line":41,"column":10},"end":{"line":41,"column":53}},"28":{"start":{"line":41,"column":33},"end":{"line":41,"column":53}},"29":{"start":{"line":42,"column":10},"end":{"line":45,"column":13}},"30":{"start":{"line":43,"column":31},"end":{"line":43,"column":60}},"31":{"start":{"line":43,"column":46},"end":{"line":43,"column":59}},"32":{"start":{"line":44,"column":14},"end":{"line":44,"column":76}},"33":{"start":{"line":49,"column":6},"end":{"line":51,"column":7}},"34":{"start":{"line":50,"column":8},"end":{"line":50,"column":65}},"35":{"start":{"line":53,"column":6},"end":{"line":55,"column":7}},"36":{"start":{"line":54,"column":8},"end":{"line":54,"column":26}},"37":{"start":{"line":59,"column":2},"end":{"line":61,"column":9}},"38":{"start":{"line":60,"column":4},"end":{"line":60,"column":20}},"39":{"start":{"line":63,"column":25},"end":{"line":67,"column":3}},"40":{"start":{"line":64,"column":4},"end":{"line":66,"column":7}},"41":{"start":{"line":64,"column":24},"end":{"line":65,"column":null}},"42":{"start":{"line":65,"column":6},"end":{"line":65,"column":81}},"43":{"start":{"line":69,"column":28},"end":{"line":71,"column":43}},"44":{"start":{"line":70,"column":4},"end":{"line":70,"column":70}},"45":{"start":{"line":73,"column":2},"end":{"line":169,"column":4}},"46":{"start":{"line":148,"column":31},"end":{"line":148,"column":43}},"47":{"start":{"line":158,"column":14},"end":{"line":159,"column":null}},"48":{"start":{"line":172,"column":0},"end":{"line":172,"column":19}}},"fnMap":{"0":{"name":"(anonymous_0)","decl":{"start":{"line":11,"column":12},"end":{"line":11,"column":15}},"loc":{"start":{"line":11,"column":17},"end":{"line":170,"column":1}}},"1":{"name":"(anonymous_1)","decl":{"start":{"line":26,"column":36},"end":{"line":26,"column":41}},"loc":{"start":{"line":26,"column":47},"end":{"line":57,"column":3}}},"2":{"name":"(anonymous_2)","decl":{"start":{"line":33,"column":24},"end":{"line":33,"column":31}},"loc":{"start":{"line":33,"column":35},"end":{"line":33,"column":59}}},"3":{"name":"(anonymous_3)","decl":{"start":{"line":40,"column":20},"end":{"line":40,"column":24}},"loc":{"start":{"line":40,"column":27},"end":{"line":46,"column":9}}},"4":{"name":"(anonymous_4)","decl":{"start":{"line":42,"column":34},"end":{"line":42,"column":35}},"loc":{"start":{"line":42,"column":38},"end":{"line":45,"column":11}}},"5":{"name":"(anonymous_5)","decl":{"start":{"line":43,"column":41},"end":{"line":43,"column":42}},"loc":{"start":{"line":43,"column":46},"end":{"line":43,"column":59}}},"6":{"name":"(anonymous_6)","decl":{"start":{"line":59,"column":12},"end":{"line":59,"column":15}},"loc":{"start":{"line":59,"column":17},"end":{"line":61,"column":3}}},"7":{"name":"(anonymous_7)","decl":{"start":{"line":63,"column":25},"end":{"line":63,"column":26}},"loc":{"start":{"line":63,"column":40},"end":{"line":67,"column":3}}},"8":{"name":"(anonymous_8)","decl":{"start":{"line":64,"column":16},"end":{"line":64,"column":20}},"loc":{"start":{"line":64,"column":24},"end":{"line":65,"column":null}}},"9":{"name":"(anonymous_9)","decl":{"start":{"line":64,"column":33},"end":{"line":64,"column":40}},"loc":{"start":{"line":65,"column":6},"end":{"line":65,"column":81}}},"10":{"name":"(anonymous_10)","decl":{"start":{"line":69,"column":36},"end":{"line":69,"column":39}},"loc":{"start":{"line":69,"column":41},"end":{"line":71,"column":3}}},"11":{"name":"(anonymous_11)","decl":{"start":{"line":148,"column":25},"end":{"line":148,"column":28}},"loc":{"start":{"line":148,"column":31},"end":{"line":148,"column":43}}},"12":{"name":"(anonymous_12)","decl":{"start":{"line":157,"column":35},"end":{"line":157,"column":42}},"loc":{"start":{"line":158,"column":14},"end":{"line":159,"column":null}}}},"branchMap":{"0":{"loc":{"start":{"line":35,"column":6},"end":{"line":37,"column":7}},"type":"if","locations":[{"start":{"line":35,"column":6},"end":{"line":37,"column":7}}]},"1":{"loc":{"start":{"line":39,"column":6},"end":{"line":47,"column":7}},"type":"if","locations":[{"start":{"line":39,"column":6},"end":{"line":47,"column":7}}]},"2":{"loc":{"start":{"line":41,"column":10},"end":{"line":41,"column":53}},"type":"if","locations":[{"start":{"line":41,"column":10},"end":{"line":41,"column":53}}]},"3":{"loc":{"start":{"line":44,"column":21},"end":{"line":44,"column":75}},"type":"cond-expr","locations":[{"start":{"line":44,"column":32},"end":{"line":44,"column":71}},{"start":{"line":44,"column":74},"end":{"line":44,"column":75}}]},"4":{"loc":{"start":{"line":49,"column":6},"end":{"line":51,"column":7}},"type":"if","locations":[{"start":{"line":49,"column":6},"end":{"line":51,"column":7}}]},"5":{"loc":{"start":{"line":50,"column":17},"end":{"line":50,"column":63}},"type":"binary-expr","locations":[{"start":{"line":50,"column":17},"end":{"line":50,"column":28}},{"start":{"line":50,"column":32},"end":{"line":50,"column":63}}]},"6":{"loc":{"start":{"line":53,"column":6},"end":{"line":55,"column":7}},"type":"if","locations":[{"start":{"line":53,"column":6},"end":{"line":55,"column":7}}]},"7":{"loc":{"start":{"line":65,"column":6},"end":{"line":65,"column":81}},"type":"cond-expr","locations":[{"start":{"line":65,"column":26},"end":{"line":65,"column":71}},{"start":{"line":65,"column":74},"end":{"line":65,"column":81}}]},"8":{"loc":{"start":{"line":102,"column":19},"end":{"line":102,"column":51}},"type":"binary-expr","locations":[{"start":{"line":102,"column":19},"end":{"line":102,"column":26}},{"start":{"line":102,"column":30},"end":{"line":102,"column":51}}]},"9":{"loc":{"start":{"line":106,"column":9},"end":{"line":110,"column":null}},"type":"binary-expr","locations":[{"start":{"line":106,"column":9},"end":{"line":106,"column":17}},{"start":{"line":106,"column":21},"end":{"line":106,"column":27}},{"start":{"line":106,"column":31},"end":{"line":106,"column":59}},{"start":{"line":107,"column":10},"end":{"line":109,"column":null}}]},"10":{"loc":{"start":{"line":108,"column":53},"end":{"line":108,"column":94}},"type":"cond-expr","locations":[{"start":{"line":108,"column":86},"end":{"line":108,"column":89}},{"start":{"line":108,"column":92},"end":{"line":108,"column":94}}]},"11":{"loc":{"start":{"line":109,"column":13},"end":{"line":109,"column":39}},"type":"binary-expr","locations":[{"start":{"line":109,"column":13},"end":{"line":109,"column":18}},{"start":{"line":109,"column":22},"end":{"line":109,"column":39}}]},"12":{"loc":{"start":{"line":115,"column":11},"end":{"line":115,"column":47}},"type":"cond-expr","locations":[{"start":{"line":115,"column":21},"end":{"line":115,"column":42}},{"start":{"line":115,"column":45},"end":{"line":115,"column":47}}]},"13":{"loc":{"start":{"line":116,"column":11},"end":{"line":116,"column":41}},"type":"cond-expr","locations":[{"start":{"line":116,"column":19},"end":{"line":116,"column":36}},{"start":{"line":116,"column":39},"end":{"line":116,"column":41}}]},"14":{"loc":{"start":{"line":117,"column":11},"end":{"line":117,"column":158}},"type":"cond-expr","locations":[{"start":{"line":117,"column":32},"end":{"line":117,"column":153}},{"start":{"line":117,"column":156},"end":{"line":117,"column":158}}]},"15":{"loc":{"start":{"line":117,"column":11},"end":{"line":117,"column":29}},"type":"binary-expr","locations":[{"start":{"line":117,"column":11},"end":{"line":117,"column":19}},{"start":{"line":117,"column":23},"end":{"line":117,"column":29}}]},"16":{"loc":{"start":{"line":117,"column":101},"end":{"line":117,"column":150}},"type":"cond-expr","locations":[{"start":{"line":117,"column":124},"end":{"line":117,"column":136}},{"start":{"line":117,"column":139},"end":{"line":117,"column":150}}]},"17":{"loc":{"start":{"line":121,"column":9},"end":{"line":165,"column":null}},"type":"cond-expr","locations":[{"start":{"line":122,"column":10},"end":{"line":124,"column":null}},{"start":{"line":126,"column":12},"end":{"line":165,"column":null}}]},"18":{"loc":{"start":{"line":121,"column":9},"end":{"line":121,"column":41}},"type":"binary-expr","locations":[{"start":{"line":121,"column":9},"end":{"line":121,"column":16}},{"start":{"line":121,"column":20},"end":{"line":121,"column":41}}]},"19":{"loc":{"start":{"line":126,"column":12},"end":{"line":165,"column":null}},"type":"cond-expr","locations":[{"start":{"line":127,"column":10},"end":{"line":139,"column":null}},{"start":{"line":141,"column":12},"end":{"line":165,"column":null}}]},"20":{"loc":{"start":{"line":141,"column":12},"end":{"line":165,"column":null}},"type":"cond-expr","locations":[{"start":{"line":142,"column":10},"end":{"line":153,"column":null}},{"start":{"line":156,"column":10},"end":{"line":164,"column":null}}]},"21":{"loc":{"start":{"line":144,"column":32},"end":{"line":144,"column":67}},"type":"cond-expr","locations":[{"start":{"line":144,"column":40},"end":{"line":144,"column":62}},{"start":{"line":144,"column":65},"end":{"line":144,"column":67}}]},"22":{"loc":{"start":{"line":146,"column":13},"end":{"line":152,"column":null}},"type":"binary-expr","locations":[{"start":{"line":146,"column":13},"end":{"line":146,"column":18}},{"start":{"line":147,"column":14},"end":{"line":149,"column":null}}]}},"s":{"0":1,"1":1,"2":1,"3":1,"4":1,"5":1,"6":1,"7":1,"8":93,"9":93,"10":93,"11":93,"12":93,"13":93,"14":93,"15":93,"16":93,"17":10,"18":10,"19":10,"20":10,"21":10,"22":10,"23":10,"24":0,"25":10,"26":10,"27":10,"28":10,"29":0,"30":0,"31":0,"32":0,"33":0,"34":0,"35":10,"36":10,"37":93,"38":10,"39":93,"40":3,"41":3,"42":9,"43":93,"44":34,"45":93,"46":1,"47":223,"48":1},"f":{"0":93,"1":10,"2":10,"3":10,"4":0,"5":0,"6":10,"7":3,"8":3,"9":9,"10":34,"11":1,"12":223},"b":{"0":[0],"1":[10],"2":[10],"3":[0,0],"4":[0],"5":[0,0],"6":[10],"7":[3,6],"8":[93,10],"9":[93,83,83,81],"10":[78,3],"11":[81,60],"12":[10,83],"13":[0,93],"14":[83,10],"15":[93,83],"16":[81,2],"17":[10,83],"18":[93,10],"19":[0,83],"20":[2,81],"21":[1,1],"22":[2,1]}}
,"/Users/tony/Documents/PAIR assesment/PAIR-assessment/src/components/Controls.tsx": {"path":"/Users/tony/Documents/PAIR assesment/PAIR-assessment/src/components/Controls.tsx","statementMap":{"0":{"start":{"line":2,"column":0},"end":{"line":2,"column":26}},"1":{"start":{"line":3,"column":0},"end":{"line":3,"column":66}},"2":{"start":{"line":16,"column":49},"end":{"line":97,"column":1}},"3":{"start":{"line":25,"column":2},"end":{"line":96,"column":4}},"4":{"start":{"line":43,"column":29},"end":{"line":43,"column":53}},"5":{"start":{"line":55,"column":17},"end":{"line":55,"column":68}},"6":{"start":{"line":80,"column":35},"end":{"line":80,"column":69}},"7":{"start":{"line":16,"column":13},"end":{"line":16,"column":49}}},"fnMap":{"0":{"name":"(anonymous_0)","decl":{"start":{"line":16,"column":49},"end":{"line":16,"column":50}},"loc":{"start":{"line":24,"column":5},"end":{"line":97,"column":1}}},"1":{"name":"(anonymous_1)","decl":{"start":{"line":43,"column":22},"end":{"line":43,"column":23}},"loc":{"start":{"line":43,"column":29},"end":{"line":43,"column":53}}},"2":{"name":"(anonymous_2)","decl":{"start":{"line":55,"column":11},"end":{"line":55,"column":14}},"loc":{"start":{"line":55,"column":17},"end":{"line":55,"column":68}}},"3":{"name":"(anonymous_3)","decl":{"start":{"line":80,"column":28},"end":{"line":80,"column":29}},"loc":{"start":{"line":80,"column":35},"end":{"line":80,"column":69}}}},"branchMap":{"0":{"loc":{"start":{"line":55,"column":30},"end":{"line":55,"column":67}},"type":"cond-expr","locations":[{"start":{"line":55,"column":53},"end":{"line":55,"column":58}},{"start":{"line":55,"column":61},"end":{"line":55,"column":67}}]},"1":{"loc":{"start":{"line":59,"column":36},"end":{"line":59,"column":85}},"type":"cond-expr","locations":[{"start":{"line":59,"column":59},"end":{"line":59,"column":71}},{"start":{"line":59,"column":74},"end":{"line":59,"column":85}}]},"2":{"loc":{"start":{"line":62,"column":58},"end":{"line":62,"column":97}},"type":"cond-expr","locations":[{"start":{"line":62,"column":80},"end":{"line":62,"column":92}},{"start":{"line":62,"column":95},"end":{"line":62,"column":97}}]},"3":{"loc":{"start":{"line":88,"column":79},"end":{"line":88,"column":127}},"type":"cond-expr","locations":[{"start":{"line":88,"column":95},"end":{"line":88,"column":109}},{"start":{"line":88,"column":112},"end":{"line":88,"column":127}}]}},"s":{"0":1,"1":1,"2":1,"3":93,"4":57,"5":3,"6":1,"7":1},"f":{"0":93,"1":57,"2":3,"3":1},"b":{"0":[2,1],"1":[91,2],"2":[2,91],"3":[1,92]}}
,"/Users/tony/Documents/PAIR assesment/PAIR-assessment/src/components/SessionCard.tsx": {"path":"/Users/tony/Documents/PAIR assesment/PAIR-assessment/src/components/SessionCard.tsx","statementMap":{"0":{"start":{"line":1,"column":0},"end":{"line":1,"column":26}},"1":{"start":{"line":3,"column":0},"end":{"line":3,"column":55}},"2":{"start":{"line":4,"column":0},"end":{"line":4,"column":81}},"3":{"start":{"line":12,"column":24},"end":{"line":29,"column":1}},"4":{"start":{"line":13,"column":2},"end":{"line":13,"column":127}},"5":{"start":{"line":13,"column":14},"end":{"line":13,"column":127}},"6":{"start":{"line":15,"column":17},"end":{"line":19,"column":4}},"7":{"start":{"line":21,"column":21},"end":{"line":21,"column":104}},"8":{"start":{"line":23,"column":2},"end":{"line":28,"column":4}},"9":{"start":{"line":31,"column":55},"end":{"line":111,"column":1}},"10":{"start":{"line":32,"column":2},"end":{"line":110,"column":4}},"11":{"start":{"line":66,"column":6},"end":{"line":67,"column":null}},"12":{"start":{"line":83,"column":17},"end":{"line":83,"column":45}},"13":{"start":{"line":31,"column":13},"end":{"line":31,"column":55}}},"fnMap":{"0":{"name":"(anonymous_0)","decl":{"start":{"line":12,"column":24},"end":{"line":12,"column":25}},"loc":{"start":{"line":12,"column":64},"end":{"line":29,"column":1}}},"1":{"name":"(anonymous_1)","decl":{"start":{"line":31,"column":55},"end":{"line":31,"column":56}},"loc":{"start":{"line":31,"column":105},"end":{"line":111,"column":1}}},"2":{"name":"(anonymous_2)","decl":{"start":{"line":65,"column":21},"end":{"line":65,"column":24}},"loc":{"start":{"line":66,"column":6},"end":{"line":67,"column":null}}},"3":{"name":"(anonymous_3)","decl":{"start":{"line":83,"column":11},"end":{"line":83,"column":14}},"loc":{"start":{"line":83,"column":17},"end":{"line":83,"column":45}}}},"branchMap":{"0":{"loc":{"start":{"line":13,"column":2},"end":{"line":13,"column":127}},"type":"if","locations":[{"start":{"line":13,"column":2},"end":{"line":13,"column":127}}]},"1":{"loc":{"start":{"line":21,"column":21},"end":{"line":21,"column":104}},"type":"binary-expr","locations":[{"start":{"line":21,"column":21},"end":{"line":21,"column":57}},{"start":{"line":21,"column":61},"end":{"line":21,"column":104}}]},"2":{"loc":{"start":{"line":34,"column":156},"end":{"line":34,"column":204}},"type":"cond-expr","locations":[{"start":{"line":34,"column":176},"end":{"line":34,"column":199}},{"start":{"line":34,"column":202},"end":{"line":34,"column":204}}]},"3":{"loc":{"start":{"line":64,"column":3},"end":{"line":75,"column":null}},"type":"cond-expr","locations":[{"start":{"line":65,"column":4},"end":{"line":73,"column":6}},{"start":{"line":75,"column":4},"end":{"line":75,"column":40}}]},"4":{"loc":{"start":{"line":85,"column":6},"end":{"line":87,"column":null}},"type":"cond-expr","locations":[{"start":{"line":86,"column":8},"end":{"line":86,"column":55}},{"start":{"line":87,"column":8},"end":{"line":87,"column":null}}]},"5":{"loc":{"start":{"line":90,"column":44},"end":{"line":90,"column":89}},"type":"cond-expr","locations":[{"start":{"line":90,"column":64},"end":{"line":90,"column":76}},{"start":{"line":90,"column":79},"end":{"line":90,"column":89}}]},"6":{"loc":{"start":{"line":92,"column":5},"end":{"line":101,"column":null}},"type":"cond-expr","locations":[{"start":{"line":93,"column":8},"end":{"line":95,"column":null}},{"start":{"line":98,"column":8},"end":{"line":100,"column":null}}]},"7":{"loc":{"start":{"line":105,"column":9},"end":{"line":106,"column":null}},"type":"binary-expr","locations":[{"start":{"line":105,"column":9},"end":{"line":105,"column":26}},{"start":{"line":106,"column":12},"end":{"line":106,"column":79}}]}},"s":{"0":2,"1":2,"2":2,"3":2,"4":250,"5":1,"6":249,"7":249,"8":249,"9":2,"10":250,"11":498,"12":6,"13":2},"f":{"0":250,"1":250,"2":498,"3":6},"b":{"0":[1],"1":[249,1],"2":[95,155],"3":[249,1],"4":[95,155],"5":[95,155],"6":[95,155],"7":[250,95]}}
,"/Users/tony/Documents/PAIR assesment/PAIR-assessment/src/hooks/useDebounce.ts": {"path":"/Users/tony/Documents/PAIR assesment/PAIR-assessment/src/hooks/useDebounce.ts","statementMap":{"0":{"start":{"line":3,"column":0},"end":{"line":3,"column":16}},"1":{"start":{"line":1,"column":0},"end":{"line":1,"column":44}},"2":{"start":{"line":4,"column":46},"end":{"line":4,"column":64}},"3":{"start":{"line":6,"column":2},"end":{"line":14,"column":21}},"4":{"start":{"line":7,"column":20},"end":{"line":9,"column":13}},"5":{"start":{"line":8,"column":6},"end":{"line":8,"column":31}},"6":{"start":{"line":11,"column":4},"end":{"line":13,"column":6}},"7":{"start":{"line":12,"column":6},"end":{"line":12,"column":28}},"8":{"start":{"line":16,"column":2},"end":{"line":16,"column":24}}},"fnMap":{"0":{"name":"useDebounce","decl":{"start":{"line":3,"column":16},"end":{"line":3,"column":27}},"loc":{"start":{"line":3,"column":54},"end":{"line":17,"column":1}}},"1":{"name":"(anonymous_1)","decl":{"start":{"line":6,"column":12},"end":{"line":6,"column":15}},"loc":{"start":{"line":6,"column":17},"end":{"line":14,"column":3}}},"2":{"name":"(anonymous_2)","decl":{"start":{"line":7,"column":31},"end":{"line":7,"column":34}},"loc":{"start":{"line":7,"column":36},"end":{"line":9,"column":5}}},"3":{"name":"(anonymous_3)","decl":{"start":{"line":11,"column":11},"end":{"line":11,"column":14}},"loc":{"start":{"line":11,"column":16},"end":{"line":13,"column":5}}}},"branchMap":{},"s":{"0":1,"1":1,"2":93,"3":93,"4":68,"5":18,"6":68,"7":68,"8":93},"f":{"0":93,"1":68,"2":18,"3":68},"b":{}}
,"/Users/tony/Documents/PAIR assesment/PAIR-assessment/src/utils/filterSessions.ts": {"path":"/Users/tony/Documents/PAIR assesment/PAIR-assessment/src/utils/filterSessions.ts","statementMap":{"0":{"start":{"line":11,"column":37},"end":{"line":40,"column":1}},"1":{"start":{"line":17,"column":15},"end":{"line":17,"column":28}},"2":{"start":{"line":20,"column":23},"end":{"line":20,"column":35}},"3":{"start":{"line":21,"column":2},"end":{"line":26,"column":3}},"4":{"start":{"line":22,"column":23},"end":{"line":22,"column":49}},"5":{"start":{"line":23,"column":4},"end":{"line":25,"column":6}},"6":{"start":{"line":24,"column":6},"end":{"line":24,"column":54}},"7":{"start":{"line":29,"column":2},"end":{"line":37,"column":5}},"8":{"start":{"line":31,"column":27},"end":{"line":31,"column":54}},"9":{"start":{"line":32,"column":4},"end":{"line":34,"column":5}},"10":{"start":{"line":33,"column":6},"end":{"line":33,"column":68}},"11":{"start":{"line":36,"column":4},"end":{"line":36,"column":36}},"12":{"start":{"line":39,"column":2},"end":{"line":39,"column":16}},"13":{"start":{"line":11,"column":13},"end":{"line":11,"column":37}}},"fnMap":{"0":{"name":"(anonymous_0)","decl":{"start":{"line":11,"column":37},"end":{"line":11,"column":null}},"loc":{"start":{"line":15,"column":15},"end":{"line":40,"column":1}}},"1":{"name":"(anonymous_1)","decl":{"start":{"line":23,"column":27},"end":{"line":23,"column":34}},"loc":{"start":{"line":24,"column":6},"end":{"line":24,"column":54}}},"2":{"name":"(anonymous_2)","decl":{"start":{"line":29,"column":14},"end":{"line":29,"column":15}},"loc":{"start":{"line":29,"column":23},"end":{"line":37,"column":3}}}},"branchMap":{"0":{"loc":{"start":{"line":21,"column":2},"end":{"line":26,"column":3}},"type":"if","locations":[{"start":{"line":21,"column":2},"end":{"line":26,"column":3}}]},"1":{"loc":{"start":{"line":32,"column":4},"end":{"line":34,"column":5}},"type":"if","locations":[{"start":{"line":32,"column":4},"end":{"line":34,"column":5}}]},"2":{"loc":{"start":{"line":33,"column":13},"end":{"line":33,"column":67}},"type":"cond-expr","locations":[{"start":{"line":33,"column":35},"end":{"line":33,"column":49}},{"start":{"line":33,"column":52},"end":{"line":33,"column":67}}]}},"s":{"0":2,"1":42,"2":42,"3":42,"4":10,"5":10,"6":30,"7":42,"8":96,"9":96,"10":92,"11":4,"12":42,"13":2},"f":{"0":42,"1":30,"2":96},"b":{"0":[10],"1":[92],"2":[11,81]}}
,"/Users/tony/Documents/PAIR assesment/PAIR-assessment/src/utils/textHighlight.tsx": {"path":"/Users/tony/Documents/PAIR assesment/PAIR-assessment/src/utils/textHighlight.tsx","statementMap":{"0":{"start":{"line":1,"column":0},"end":{"line":1,"column":26}},"1":{"start":{"line":3,"column":29},"end":{"line":25,"column":1}},"2":{"start":{"line":4,"column":2},"end":{"line":6,"column":3}},"3":{"start":{"line":5,"column":4},"end":{"line":5,"column":23}},"4":{"start":{"line":8,"column":27},"end":{"line":8,"column":75}},"5":{"start":{"line":9,"column":16},"end":{"line":9,"column":57}},"6":{"start":{"line":10,"column":16},"end":{"line":10,"column":33}},"7":{"start":{"line":12,"column":2},"end":{"line":24,"column":4}},"8":{"start":{"line":15,"column":8},"end":{"line":20,"column":null}},"9":{"start":{"line":3,"column":13},"end":{"line":3,"column":29}}},"fnMap":{"0":{"name":"(anonymous_0)","decl":{"start":{"line":3,"column":29},"end":{"line":3,"column":30}},"loc":{"start":{"line":3,"column":90},"end":{"line":25,"column":1}}},"1":{"name":"(anonymous_1)","decl":{"start":{"line":14,"column":17},"end":{"line":14,"column":18}},"loc":{"start":{"line":15,"column":8},"end":{"line":20,"column":null}}}},"branchMap":{"0":{"loc":{"start":{"line":4,"column":2},"end":{"line":6,"column":3}},"type":"if","locations":[{"start":{"line":4,"column":2},"end":{"line":6,"column":3}}]},"1":{"loc":{"start":{"line":15,"column":8},"end":{"line":20,"column":null}},"type":"cond-expr","locations":[{"start":{"line":16,"column":10},"end":{"line":16,"column":24}},{"start":{"line":20,"column":10},"end":{"line":20,"column":25}}]}},"s":{"0":1,"1":1,"2":223,"3":192,"4":31,"5":31,"6":31,"7":31,"8":93,"9":1},"f":{"0":223,"1":93},"b":{"0":[192],"1":[31,62]}}
}
