TN:
SF:src/App.tsx
FN:11,(anonymous_0)
FN:26,(anonymous_1)
FN:33,(anonymous_2)
FN:40,(anonymous_3)
FN:42,(anonymous_4)
FN:43,(anonymous_5)
FN:59,(anonymous_6)
FN:63,(anonymous_7)
FN:64,(anonymous_8)
FN:64,(anonymous_9)
FN:69,(anonymous_10)
FN:148,(anonymous_11)
FN:157,(anonymous_12)
FNF:13
FNH:11
FNDA:93,(anonymous_0)
FNDA:10,(anonymous_1)
FNDA:10,(anonymous_2)
FNDA:10,(anonymous_3)
FNDA:0,(anonymous_4)
FNDA:0,(anonymous_5)
FNDA:10,(anonymous_6)
FNDA:3,(anonymous_7)
FNDA:3,(anonymous_8)
FNDA:9,(anonymous_9)
FNDA:34,(anonymous_10)
FNDA:1,(anonymous_11)
FNDA:223,(anonymous_12)
DA:2,1
DA:4,1
DA:5,1
DA:6,1
DA:7,1
DA:8,1
DA:9,1
DA:11,1
DA:12,93
DA:14,93
DA:15,93
DA:17,93
DA:19,93
DA:20,93
DA:22,93
DA:24,93
DA:26,93
DA:27,10
DA:28,10
DA:30,10
DA:32,10
DA:33,10
DA:35,10
DA:36,0
DA:39,10
DA:40,10
DA:41,10
DA:42,0
DA:43,0
DA:44,0
DA:49,0
DA:50,0
DA:53,10
DA:54,10
DA:59,93
DA:60,10
DA:63,93
DA:64,3
DA:65,9
DA:69,93
DA:70,34
DA:73,93
DA:148,1
DA:158,223
DA:172,1
LF:45
LH:39
BRDA:35,0,0,0
BRDA:39,1,0,10
BRDA:41,2,0,10
BRDA:44,3,0,0
BRDA:44,3,1,0
BRDA:49,4,0,0
BRDA:50,5,0,0
BRDA:50,5,1,0
BRDA:53,6,0,10
BRDA:65,7,0,3
BRDA:65,7,1,6
BRDA:102,8,0,93
BRDA:102,8,1,10
BRDA:106,9,0,93
BRDA:106,9,1,83
BRDA:106,9,2,83
BRDA:106,9,3,81
BRDA:108,10,0,78
BRDA:108,10,1,3
BRDA:109,11,0,81
BRDA:109,11,1,60
BRDA:115,12,0,10
BRDA:115,12,1,83
BRDA:116,13,0,0
BRDA:116,13,1,93
BRDA:117,14,0,83
BRDA:117,14,1,10
BRDA:117,15,0,93
BRDA:117,15,1,83
BRDA:117,16,0,81
BRDA:117,16,1,2
BRDA:121,17,0,10
BRDA:121,17,1,83
BRDA:121,18,0,93
BRDA:121,18,1,10
BRDA:126,19,0,0
BRDA:126,19,1,83
BRDA:141,20,0,2
BRDA:141,20,1,81
BRDA:144,21,0,1
BRDA:144,21,1,1
BRDA:146,22,0,2
BRDA:146,22,1,1
BRF:43
BRH:35
end_of_record
TN:
SF:src/components/Controls.tsx
FN:16,(anonymous_0)
FN:43,(anonymous_1)
FN:55,(anonymous_2)
FN:80,(anonymous_3)
FNF:4
FNH:4
FNDA:93,(anonymous_0)
FNDA:57,(anonymous_1)
FNDA:3,(anonymous_2)
FNDA:1,(anonymous_3)
DA:2,1
DA:3,1
DA:16,1
DA:25,93
DA:43,57
DA:55,3
DA:80,1
LF:7
LH:7
BRDA:55,0,0,2
BRDA:55,0,1,1
BRDA:59,1,0,91
BRDA:59,1,1,2
BRDA:62,2,0,2
BRDA:62,2,1,91
BRDA:88,3,0,1
BRDA:88,3,1,92
BRF:8
BRH:8
end_of_record
TN:
SF:src/components/SessionCard.tsx
FN:12,(anonymous_0)
FN:31,(anonymous_1)
FN:65,(anonymous_2)
FN:83,(anonymous_3)
FNF:4
FNH:4
FNDA:250,(anonymous_0)
FNDA:250,(anonymous_1)
FNDA:498,(anonymous_2)
FNDA:6,(anonymous_3)
DA:1,2
DA:3,2
DA:4,2
DA:12,2
DA:13,250
DA:15,249
DA:21,249
DA:23,249
DA:31,2
DA:32,250
DA:66,498
DA:83,6
LF:12
LH:12
BRDA:13,0,0,1
BRDA:21,1,0,249
BRDA:21,1,1,1
BRDA:34,2,0,95
BRDA:34,2,1,155
BRDA:64,3,0,249
BRDA:64,3,1,1
BRDA:85,4,0,95
BRDA:85,4,1,155
BRDA:90,5,0,95
BRDA:90,5,1,155
BRDA:92,6,0,95
BRDA:92,6,1,155
BRDA:105,7,0,250
BRDA:105,7,1,95
BRF:15
BRH:15
end_of_record
TN:
SF:src/hooks/useDebounce.ts
FN:3,useDebounce
FN:6,(anonymous_1)
FN:7,(anonymous_2)
FN:11,(anonymous_3)
FNF:4
FNH:4
FNDA:93,useDebounce
FNDA:68,(anonymous_1)
FNDA:18,(anonymous_2)
FNDA:68,(anonymous_3)
DA:1,1
DA:3,1
DA:4,93
DA:6,93
DA:7,68
DA:8,18
DA:11,68
DA:12,68
DA:16,93
LF:9
LH:9
BRF:0
BRH:0
end_of_record
TN:
SF:src/utils/filterSessions.ts
FN:11,(anonymous_0)
FN:23,(anonymous_1)
FN:29,(anonymous_2)
FNF:3
FNH:3
FNDA:42,(anonymous_0)
FNDA:30,(anonymous_1)
FNDA:96,(anonymous_2)
DA:11,2
DA:17,42
DA:20,42
DA:21,42
DA:22,10
DA:23,10
DA:24,30
DA:29,42
DA:31,96
DA:32,96
DA:33,92
DA:36,4
DA:39,42
LF:13
LH:13
BRDA:21,0,0,10
BRDA:32,1,0,92
BRDA:33,2,0,11
BRDA:33,2,1,81
BRF:4
BRH:4
end_of_record
TN:
SF:src/utils/textHighlight.tsx
FN:3,(anonymous_0)
FN:14,(anonymous_1)
FNF:2
FNH:2
FNDA:223,(anonymous_0)
FNDA:93,(anonymous_1)
DA:1,1
DA:3,1
DA:4,223
DA:5,192
DA:8,31
DA:9,31
DA:10,31
DA:12,31
DA:15,93
LF:9
LH:9
BRDA:4,0,0,192
BRDA:15,1,0,31
BRDA:15,1,1,62
BRF:3
BRH:3
end_of_record
