TN:
SF:src/App.tsx
FN:10,(anonymous_0)
FN:25,(anonymous_1)
FN:32,(anonymous_2)
FN:39,(anonymous_3)
FN:41,(anonymous_4)
FN:42,(anonymous_5)
FN:58,(anonymous_6)
FN:62,(anonymous_7)
FN:63,(anonymous_8)
FN:63,(anonymous_9)
FN:68,(anonymous_10)
FN:146,(anonymous_11)
FN:155,(anonymous_12)
FNF:13
FNH:13
FNDA:166,(anonymous_0)
FNDA:33,(anonymous_1)
FNDA:33,(anonymous_2)
FNDA:24,(anonymous_3)
FNDA:8,(anonymous_4)
FNDA:36,(anonymous_5)
FNDA:23,(anonymous_6)
FNDA:3,(anonymous_7)
FNDA:3,(anonymous_8)
FNDA:9,(anonymous_9)
FNDA:61,(anonymous_10)
FNDA:1,(anonymous_11)
FNDA:611,(anonymous_12)
DA:1,2
DA:3,2
DA:4,2
DA:5,2
DA:6,2
DA:7,2
DA:8,2
DA:10,2
DA:11,166
DA:13,166
DA:14,166
DA:16,166
DA:18,166
DA:19,166
DA:21,166
DA:23,166
DA:25,166
DA:26,33
DA:27,33
DA:29,33
DA:31,33
DA:32,33
DA:34,33
DA:35,9
DA:38,24
DA:39,24
DA:40,24
DA:41,1
DA:42,36
DA:43,8
DA:48,9
DA:49,9
DA:52,33
DA:53,33
DA:58,166
DA:59,23
DA:62,166
DA:63,3
DA:64,9
DA:68,166
DA:69,61
DA:72,166
DA:146,1
DA:156,611
DA:170,2
LF:45
LH:45
BRDA:34,0,0,9
BRDA:38,1,0,24
BRDA:40,2,0,23
BRDA:43,3,0,8
BRDA:43,3,1,0
BRDA:48,4,0,9
BRDA:49,5,0,9
BRDA:49,5,1,0
BRDA:52,6,0,33
BRDA:64,7,0,3
BRDA:64,7,1,6
BRDA:100,8,0,166
BRDA:100,8,1,133
BRDA:100,8,2,123
BRDA:100,8,3,121
BRDA:102,9,0,118
BRDA:102,9,1,3
BRDA:103,10,0,121
BRDA:103,10,1,67
BRDA:113,11,0,33
BRDA:113,11,1,133
BRDA:114,12,0,10
BRDA:114,12,1,156
BRDA:115,13,0,123
BRDA:115,13,1,43
BRDA:115,14,0,166
BRDA:115,14,1,133
BRDA:115,15,0,121
BRDA:115,15,1,2
BRDA:118,16,0,23
BRDA:118,16,1,143
BRDA:118,17,0,166
BRDA:118,17,1,33
BRDA:123,18,0,10
BRDA:123,18,1,133
BRDA:139,19,0,2
BRDA:139,19,1,131
BRDA:142,20,0,1
BRDA:142,20,1,1
BRDA:144,21,0,2
BRDA:144,21,1,1
BRF:41
BRH:39
end_of_record
TN:
SF:src/components/Controls.tsx
FN:16,(anonymous_0)
FN:43,(anonymous_1)
FN:53,(anonymous_2)
FN:87,(anonymous_3)
FN:88,(anonymous_4)
FNF:5
FNH:5
FNDA:166,(anonymous_0)
FNDA:64,(anonymous_1)
FNDA:3,(anonymous_2)
FNDA:17,(anonymous_3)
FNDA:6,(anonymous_4)
DA:1,2
DA:2,2
DA:16,2
DA:26,166
DA:43,64
DA:53,3
DA:87,17
DA:89,6
DA:90,4
DA:91,4
LF:10
LH:10
BRDA:53,0,0,2
BRDA:53,0,1,1
BRDA:57,1,0,164
BRDA:57,1,1,2
BRDA:60,2,0,2
BRDA:60,2,1,164
BRDA:78,3,0,33
BRDA:78,3,1,133
BRDA:89,4,0,4
BRDA:89,5,0,6
BRDA:89,5,1,2
BRDA:99,6,0,42
BRDA:99,6,1,124
BRDA:103,7,0,42
BRDA:103,7,1,124
BRDA:106,8,0,42
BRDA:106,8,1,124
BRF:17
BRH:17
end_of_record
TN:
SF:src/components/SessionCard.tsx
FN:12,(anonymous_0)
FN:31,(anonymous_1)
FN:64,(anonymous_2)
FN:82,(anonymous_3)
FNF:4
FNH:4
FNDA:638,(anonymous_0)
FNDA:638,(anonymous_1)
FNDA:1130,(anonymous_2)
FNDA:6,(anonymous_3)
DA:1,3
DA:3,3
DA:4,3
DA:12,3
DA:13,638
DA:15,589
DA:21,589
DA:23,589
DA:31,3
DA:32,638
DA:65,1130
DA:82,6
LF:12
LH:12
BRDA:13,0,0,49
BRDA:21,1,0,589
BRDA:21,1,1,1
BRDA:34,2,0,193
BRDA:34,2,1,445
BRDA:63,3,0,589
BRDA:63,3,1,49
BRDA:84,4,0,193
BRDA:84,4,1,445
BRDA:89,5,0,193
BRDA:89,5,1,445
BRDA:91,6,0,193
BRDA:91,6,1,445
BRDA:104,7,0,638
BRDA:104,7,1,193
BRF:15
BRH:15
end_of_record
TN:
SF:src/hooks/useDebounce.ts
FN:3,useDebounce
FN:6,(anonymous_1)
FN:7,(anonymous_2)
FN:11,(anonymous_3)
FNF:4
FNH:4
FNDA:166,useDebounce
FNDA:88,(anonymous_1)
FNDA:32,(anonymous_2)
FNDA:88,(anonymous_3)
DA:1,2
DA:3,2
DA:4,166
DA:6,166
DA:7,88
DA:8,32
DA:11,88
DA:12,88
DA:16,166
LF:9
LH:9
BRF:0
BRH:0
end_of_record
TN:
SF:src/utils/filterSessions.ts
FN:10,(anonymous_0)
FN:22,(anonymous_1)
FN:28,(anonymous_2)
FNF:3
FNH:3
FNDA:69,(anonymous_0)
FNDA:38,(anonymous_1)
FNDA:305,(anonymous_2)
DA:10,3
DA:16,69
DA:19,69
DA:20,69
DA:21,11
DA:22,11
DA:23,38
DA:28,69
DA:30,305
DA:31,305
DA:32,301
DA:35,4
DA:38,69
LF:13
LH:13
BRDA:20,0,0,11
BRDA:31,1,0,301
BRDA:32,2,0,11
BRDA:32,2,1,290
BRF:4
BRH:4
end_of_record
TN:
SF:src/utils/textHighlight.tsx
FN:3,(anonymous_0)
FN:14,(anonymous_1)
FNF:2
FNH:2
FNDA:611,(anonymous_0)
FNDA:105,(anonymous_1)
DA:1,2
DA:3,2
DA:4,611
DA:5,576
DA:8,35
DA:9,35
DA:10,35
DA:12,35
DA:15,105
LF:9
LH:9
BRDA:4,0,0,576
BRDA:15,1,0,35
BRDA:15,1,1,70
BRF:3
BRH:3
end_of_record
